{"event": "START", "trigger": "auto", "started_at": "2026-03-02T09:50:56.854830+00:00", "limit": 800, "horizon": 4, "rr_ratio": 1.5, "symbols_count": 4}
{"event": "START", "trigger": "auto", "started_at": "2026-03-02T12:15:21.009155+00:00", "limit": 800, "horizon": 4, "rr_ratio": 1.5, "symbols_count": 4}
{"event": "START", "trigger": "auto", "started_at": "2026-03-02T13:33:09.302314+00:00", "limit": 800, "horizon": 4, "rr_ratio": 1.5, "symbols_count": 4}
{"event": "START", "trigger": "auto", "started_at": "2026-03-02T13:34:46.609718+00:00", "limit": 800, "horizon": 4, "rr_ratio": 1.5, "symbols_count": 4}
{"event": "START", "trigger": "auto", "started_at": "2026-03-02T13:40:26.925890+00:00", "limit": 800, "horizon": 4, "rr_ratio": 1.5, "symbols_count": 4}
{"event": "START", "trigger": "auto", "started_at": "2026-03-02T13:41:40.269065+00:00", "limit": 800, "horizon": 4, "rr_ratio": 1.5, "symbols_count": 4}
{"event": "START", "trigger": "auto", "started_at": "2026-03-02T14:16:25.580975+00:00", "limit": 800, "horizon": 4, "rr_ratio": 1.5, "symbols_count": 4}
{"event": "START", "trigger": "auto", "started_at": "2026-03-02T15:06:33.077290+00:00", "limit": 800, "horizon": 4, "rr_ratio": 1.5, "symbols_count": 4}
{"event": "START", "trigger": "auto", "started_at": "2026-03-02T15:32:07.819191+00:00", "limit": 800, "horizon": 4, "rr_ratio": 1.5, "symbols_count": 4}
{"event": "START", "trigger": "auto", "started_at": "2026-03-02T15:55:11.157154+00:00", "limit": 800, "horizon": 4, "rr_ratio": 1.5, "symbols_count": 4}
{"event": "START", "trigger": "auto", "started_at": "2026-03-02T16:07:31.732095+00:00", "limit": 800, "horizon": 4, "rr_ratio": 1.5, "symbols_count": 4}
{"event": "START", "trigger": "auto", "started_at": "2026-03-02T16:41:04.696157+00:00", "limit": 800, "horizon": 4, "rr_ratio": 1.5, "symbols_count": 4}
{"event": "START", "trigger": "auto", "started_at": "2026-03-02T20:41:42.515019+00:00", "limit": 800, "horizon": 4, "rr_ratio": 1.5, "symbols_count": 4}
{"event": "START", "trigger": "auto", "started_at": "2026-03-02T21:58:05.514726+00:00", "limit": 800, "horizon": 4, "rr_ratio": 1.5, "symbols_count": 4}
{"event": "START", "trigger": "auto", "started_at": "2026-03-03T00:22:21.972738+00:00", "limit": 800, "horizon": 4, "rr_ratio": 1.5, "symbols_count": 4}
{"event": "START", "trigger": "auto", "started_at": "2026-03-03T00:35:30.805501+00:00", "limit": 800, "horizon": 4, "rr_ratio": 1.5, "symbols_count": 4}
{"event": "START", "trigger": "auto", "started_at": "2026-03-03T01:38:17.697630+00:00", "limit": 800, "horizon": 4, "rr_ratio": 1.5, "symbols_count": 4}
{"event": "START", "trigger": "auto", "started_at": "2026-03-03T01:43:09.691656+00:00", "limit": 800, "horizon": 4, "rr_ratio": 1.5, "symbols_count": 4}
{"event": "START", "trigger": "auto", "started_at": "2026-03-03T01:51:37.327173+00:00", "limit": 800, "horizon": 4, "rr_ratio": 1.5, "symbols_count": 4}
{"event": "START", "trigger": "auto", "started_at": "2026-03-03T02:09:43.589459+00:00", "limit": 800, "horizon": 4, "rr_ratio": 1.5, "symbols_count": 4}
{"event": "START", "trigger": "auto", "started_at": "2026-03-03T02:18:04.589241+00:00", "limit": 800, "horizon": 4, "rr_ratio": 1.5, "symbols_count": 4}
{"event": "START", "trigger": "auto", "started_at": "2026-03-03T03:10:36.353315+00:00", "limit": 800, "horizon": 4, "rr_ratio": 1.5, "symbols_count": 4}
{"event": "START", "trigger": "auto", "started_at": "2026-03-03T03:26:02.950539+00:00", "limit": 800, "horizon": 4, "rr_ratio": 1.5, "symbols_count": 4}
{"event": "START", "trigger": "auto", "started_at": "2026-03-03T04:28:43.345696+00:00", "limit": 800, "horizon": 4, "rr_ratio": 1.5, "symbols_count": 4}
{"event": "START", "trigger": "auto", "started_at": "2026-03-03T04:37:40.728739+00:00", "limit": 800, "horizon": 4, "rr_ratio": 1.5, "symbols_count": 4}
{"event": "START", "trigger": "auto", "started_at": "2026-03-03T05:31:50.618204+00:00", "limit": 800, "horizon": 4, "rr_ratio": 1.5, "symbols_count": 4}
{"event": "START", "trigger": "auto", "started_at": "2026-03-03T05:51:24.268212+00:00", "limit": 800, "horizon": 4, "rr_ratio": 1.5, "symbols_count": 4}
{"event": "START", "trigger": "auto", "started_at": "2026-03-03T06:05:54.172288+00:00", "limit": 800, "horizon": 4, "rr_ratio": 1.5, "symbols_count": 4}
{"event": "START", "trigger": "auto", "started_at": "2026-03-03T06:37:47.303260+00:00", "limit": 800, "horizon": 4, "rr_ratio": 1.5, "symbols_count": 4}
{"event": "START", "trigger": "auto", "started_at": "2026-03-03T07:41:03.146629+00:00", "limit": 800, "horizon": 4, "rr_ratio": 1.5, "symbols_count": 4}
{"event": "START", "trigger": "auto", "started_at": "2026-03-03T08:11:33.048389+00:00", "limit": 800, "horizon": 4, "rr_ratio": 1.5, "symbols_count": 4}
{"event": "START", "trigger": "auto", "started_at": "2026-03-03T08:23:23.337510+00:00", "limit": 800, "horizon": 4, "rr_ratio": 1.5, "symbols_count": 4}
{"event": "START", "trigger": "auto", "started_at": "2026-03-03T08:24:59.493759+00:00", "limit": 800, "horizon": 4, "rr_ratio": 1.5, "symbols_count": 4}
{"event": "START", "trigger": "auto", "started_at": "2026-03-03T08:39:31.409690+00:00", "limit": 800, "horizon": 4, "rr_ratio": 1.5, "symbols_count": 4}
{"event": "START", "trigger": "auto", "started_at": "2026-03-03T09:21:12.933834+00:00", "limit": 800, "horizon": 4, "rr_ratio": 1.5, "symbols_count": 4}
{"event": "START", "trigger": "auto", "started_at": "2026-03-03T10:02:43.737183+00:00", "limit": 800, "horizon": 4, "rr_ratio": 1.5, "symbols_count": 4}
{"event": "START", "trigger": "auto", "started_at": "2026-03-03T10:06:44.528260+00:00", "limit": 800, "horizon": 4, "rr_ratio": 1.5, "symbols_count": 4}
{"event": "START", "trigger": "auto", "started_at": "2026-03-03T10:08:33.079060+00:00", "limit": 800, "horizon": 4, "rr_ratio": 1.5, "symbols_count": 4}
{"event": "START", "trigger": "auto", "started_at": "2026-03-03T10:24:22.836655+00:00", "limit": 800, "horizon": 4, "rr_ratio": 1.5, "symbols_count": 4}
{"event": "START", "trigger": "auto", "started_at": "2026-03-03T12:20:26.380424+00:00", "limit": 800, "horizon": 4, "rr_ratio": 1.5, "symbols_count": 4}
{"event": "START", "trigger": "auto", "started_at": "2026-03-03T12:54:41.425864+00:00", "limit": 800, "horizon": 4, "rr_ratio": 1.5, "symbols_count": 4}
{"event": "START", "trigger": "auto", "started_at": "2026-03-03T13:16:36.756532+00:00", "limit": 800, "horizon": 4, "rr_ratio": 1.5, "symbols_count": 4}
{"event": "START", "trigger": "auto", "started_at": "2026-03-03T13:39:04.627229+00:00", "limit": 800, "horizon": 4, "rr_ratio": 1.5, "symbols_count": 4}
{"event": "START", "trigger": "auto", "started_at": "2026-03-03T14:22:20.143071+00:00", "limit": 800, "horizon": 4, "rr_ratio": 1.5, "symbols_count": 4}
{"event": "START", "trigger": "auto", "started_at": "2026-03-03T14:44:21.879012+00:00", "limit": 800, "horizon": 4, "rr_ratio": 1.5, "symbols_count": 4}
{"event": "START", "trigger": "auto", "started_at": "2026-03-03T15:54:06.099707+00:00", "limit": 800, "horizon": 4, "rr_ratio": 1.5, "symbols_count": 4}
{"event": "START", "trigger": "auto", "started_at": "2026-03-03T19:54:52.173255+00:00", "limit": 800, "horizon": 4, "rr_ratio": 1.5, "symbols_count": 4}
{"event": "START", "trigger": "auto", "started_at": "2026-03-03T23:55:34.193400+00:00", "limit": 800, "horizon": 4, "rr_ratio": 1.5, "symbols_count": 4}
{"event": "START", "trigger": "auto", "started_at": "2026-03-04T01:49:46.885333+00:00", "limit": 800, "horizon": 4, "rr_ratio": 1.5, "symbols_count": 4}
{"event": "START", "trigger": "auto", "started_at": "2026-03-04T05:50:23.371220+00:00", "limit": 800, "horizon": 4, "rr_ratio": 1.5, "symbols_count": 4}
{"event": "START", "trigger": "auto", "started_at": "2026-03-04T06:26:35.113868+00:00", "limit": 800, "horizon": 4, "rr_ratio": 1.5, "symbols_count": 4}
{"event": "START", "trigger": "manual", "started_at": "2026-03-04T08:45:46.688370+00:00", "limit": 800, "horizon": 4, "rr_ratio": 1.5, "symbols_count": 32}
{"event": "FINISH", "trigger": "manual", "result": "SKIPPED", "error": null, "started_at": "2026-03-04T08:45:46.688370+00:00", "finished_at": "2026-03-04T08:45:48.357507+00:00", "duration_sec": 1.669, "payload": {"trained": false, "samples": 0, "features": 22, "accuracy": null, "roc_auc": null, "trained_at": null, "feedback_samples": 0, "feedback_penalized_samples": 0, "feedback_recovery_penalized_samples": 0, "feedback_good_boosted_samples": 0}}
{"event": "START", "trigger": "auto", "started_at": "2026-03-04T10:27:14.061513+00:00", "limit": 800, "horizon": 4, "rr_ratio": 1.5, "symbols_count": 4}
{"event": "START", "trigger": "auto", "started_at": "2026-03-04T13:28:39.118945+00:00", "limit": 800, "horizon": 4, "rr_ratio": 1.5, "symbols_count": 4}
{"event": "START", "trigger": "auto", "started_at": "2026-03-04T14:05:16.577893+00:00", "limit": 800, "horizon": 4, "rr_ratio": 1.5, "symbols_count": 4}
{"event": "START", "trigger": "auto", "started_at": "2026-03-04T14:25:48.247477+00:00", "limit": 800, "horizon": 4, "rr_ratio": 1.5, "symbols_count": 4}
{"event": "START", "trigger": "auto", "started_at": "2026-03-04T14:31:13.897267+00:00", "limit": 800, "horizon": 4, "rr_ratio": 1.5, "symbols_count": 4}
{"event": "START", "trigger": "auto", "started_at": "2026-03-04T16:48:10.497570+00:00", "limit": 800, "horizon": 4, "rr_ratio": 1.5, "symbols_count": 4}
{"event": "START", "trigger": "auto", "started_at": "2026-03-04T17:31:17.119588+00:00", "limit": 800, "horizon": 4, "rr_ratio": 1.5, "symbols_count": 4}
{"event": "START", "trigger": "auto", "started_at": "2026-03-04T21:31:33.264369+00:00", "limit": 800, "horizon": 4, "rr_ratio": 1.5, "symbols_count": 4}
{"event": "START", "trigger": "auto", "started_at": "2026-03-05T00:29:49.921990+00:00", "limit": 800, "horizon": 4, "rr_ratio": 1.5, "symbols_count": 4}
{"event": "START", "trigger": "auto", "started_at": "2026-03-05T01:31:56.831384+00:00", "limit": 800, "horizon": 4, "rr_ratio": 1.5, "symbols_count": 4}
{"event": "START", "trigger": "auto", "started_at": "2026-03-05T04:05:59.129773+00:00", "limit": 800, "horizon": 4, "rr_ratio": 1.5, "symbols_count": 4}
{"event": "START", "trigger": "auto", "started_at": "2026-03-05T04:33:58.836121+00:00", "limit": 800, "horizon": 4, "rr_ratio": 1.5, "symbols_count": 4}
{"event": "START", "trigger": "auto", "started_at": "2026-03-05T04:36:58.111803+00:00", "limit": 800, "horizon": 4, "rr_ratio": 1.5, "symbols_count": 4}
{"event": "START", "trigger": "auto", "started_at": "2026-03-05T04:45:16.606006+00:00", "limit": 800, "horizon": 4, "rr_ratio": 1.5, "symbols_count": 4}
{"event": "START", "trigger": "auto", "started_at": "2026-03-05T05:14:07.251896+00:00", "limit": 800, "horizon": 4, "rr_ratio": 1.5, "symbols_count": 4}
{"event": "START", "trigger": "auto", "started_at": "2026-03-05T05:27:26.713527+00:00", "limit": 800, "horizon": 4, "rr_ratio": 1.5, "symbols_count": 4}
{"event": "START", "trigger": "auto", "started_at": "2026-03-05T05:33:57.167806+00:00", "limit": 800, "horizon": 4, "rr_ratio": 1.5, "symbols_count": 4}
{"event": "START", "trigger": "auto", "started_at": "2026-03-05T06:02:52.213657+00:00", "limit": 800, "horizon": 4, "rr_ratio": 1.5, "symbols_count": 4}
{"event": "START", "trigger": "auto", "started_at": "2026-03-05T06:07:18.232256+00:00", "limit": 800, "horizon": 4, "rr_ratio": 1.5, "symbols_count": 4}
{"event": "START", "trigger": "auto", "started_at": "2026-03-05T06:39:32.033826+00:00", "limit": 800, "horizon": 4, "rr_ratio": 1.5, "symbols_count": 4}
{"event": "START", "trigger": "auto", "started_at": "2026-03-05T08:00:35.918164+00:00", "limit": 800, "horizon": 4, "rr_ratio": 1.5, "symbols_count": 4}
{"event": "START", "trigger": "auto", "started_at": "2026-03-05T08:30:23.517360+00:00", "limit": 800, "horizon": 4, "rr_ratio": 1.5, "symbols_count": 4}
{"event": "START", "trigger": "auto", "started_at": "2026-03-05T08:36:43.079083+00:00", "limit": 800, "horizon": 4, "rr_ratio": 1.5, "symbols_count": 4}
{"event": "START", "trigger": "auto", "started_at": "2026-03-05T08:39:33.669825+00:00", "limit": 800, "horizon": 4, "rr_ratio": 1.5, "symbols_count": 4}
{"event": "START", "trigger": "auto", "started_at": "2026-03-05T12:39:54.047478+00:00", "limit": 800, "horizon": 4, "rr_ratio": 1.5, "symbols_count": 4}
{"event": "START", "trigger": "auto", "started_at": "2026-03-05T16:40:06.030973+00:00", "limit": 800, "horizon": 4, "rr_ratio": 1.5, "symbols_count": 4}
{"event": "START", "trigger": "auto", "started_at": "2026-03-05T20:40:14.598343+00:00", "limit": 800, "horizon": 4, "rr_ratio": 1.5, "symbols_count": 4}
{"event": "START", "trigger": "auto", "started_at": "2026-03-06T00:40:20.739486+00:00", "limit": 800, "horizon": 4, "rr_ratio": 1.5, "symbols_count": 4}
{"event": "START", "trigger": "auto", "started_at": "2026-03-06T04:40:22.733534+00:00", "limit": 800, "horizon": 4, "rr_ratio": 1.5, "symbols_count": 4}
{"event": "START", "trigger": "auto", "started_at": "2026-03-06T08:40:28.426298+00:00", "limit": 800, "horizon": 4, "rr_ratio": 1.5, "symbols_count": 4}
{"event": "START", "trigger": "auto", "started_at": "2026-03-06T12:40:35.824363+00:00", "limit": 800, "horizon": 4, "rr_ratio": 1.5, "symbols_count": 4}
{"event": "START", "trigger": "auto", "started_at": "2026-03-06T16:03:03.347692+00:00", "limit": 800, "horizon": 4, "rr_ratio": 1.5, "symbols_count": 4}
{"event": "START", "trigger": "auto", "started_at": "2026-03-06T16:10:14.165679+00:00", "limit": 800, "horizon": 4, "rr_ratio": 1.5, "symbols_count": 4}
{"event": "START", "trigger": "auto", "started_at": "2026-03-06T16:15:08.383674+00:00", "limit": 800, "horizon": 4, "rr_ratio": 1.5, "symbols_count": 4}
{"event": "START", "trigger": "auto", "started_at": "2026-03-06T16:30:09.706754+00:00", "limit": 800, "horizon": 4, "rr_ratio": 1.5, "symbols_count": 4}
{"event": "START", "trigger": "auto", "started_at": "2026-03-06T16:39:13.363290+00:00", "limit": 800, "horizon": 4, "rr_ratio": 1.5, "symbols_count": 4}
{"event": "START", "trigger": "auto", "started_at": "2026-03-06T16:40:02.692234+00:00", "limit": 800, "horizon": 4, "rr_ratio": 1.5, "symbols_count": 4}
{"event": "START", "trigger": "auto", "started_at": "2026-03-06T16:41:43.468185+00:00", "limit": 800, "horizon": 4, "rr_ratio": 1.5, "symbols_count": 4}
{"event": "START", "trigger": "auto", "started_at": "2026-03-06T17:06:28.747635+00:00", "limit": 800, "horizon": 4, "rr_ratio": 1.5, "symbols_count": 4}
{"event": "START", "trigger": "auto", "started_at": "2026-03-06T17:07:54.375436+00:00", "limit": 800, "horizon": 4, "rr_ratio": 1.5, "symbols_count": 4}
{"event": "START", "trigger": "auto", "started_at": "2026-03-06T17:11:26.987893+00:00", "limit": 800, "horizon": 4, "rr_ratio": 1.5, "symbols_count": 4}
{"event": "START", "trigger": "auto", "started_at": "2026-03-06T17:14:39.771576+00:00", "limit": 800, "horizon": 4, "rr_ratio": 1.5, "symbols_count": 4}
{"event": "START", "trigger": "manual", "started_at": "2026-03-06T17:16:08.834326+00:00", "limit": 400, "horizon": 4, "rr_ratio": 1.5, "symbols_count": 4}
{"event": "SKIP_BUSY", "trigger": "auto", "timestamp": "2026-03-06T17:16:09.688727+00:00"}
{"event": "START", "trigger": "auto", "started_at": "2026-03-06T17:19:43.547978+00:00", "limit": 800, "horizon": 4, "rr_ratio": 1.5, "symbols_count": 4}
{"event": "SKIP_BUSY", "trigger": "manual", "timestamp": "2026-03-06T17:19:48.204397+00:00"}
{"event": "START", "trigger": "manual", "started_at": "2026-03-06T17:20:37.479553+00:00", "limit": 400, "horizon": 4, "rr_ratio": 1.5, "symbols_count": 4}
{"event": "START", "trigger": "auto", "started_at": "2026-03-06T17:23:32.583962+00:00", "limit": 800, "horizon": 4, "rr_ratio": 1.5, "symbols_count": 4}
{"event": "START", "trigger": "auto", "started_at": "2026-03-06T17:32:40.795339+00:00", "limit": 800, "horizon": 4, "rr_ratio": 1.5, "symbols_count": 4}
{"event": "START", "trigger": "auto", "started_at": "2026-03-06T17:34:59.961141+00:00", "limit": 800, "horizon": 4, "rr_ratio": 1.5, "symbols_count": 4}
{"event": "START", "trigger": "auto", "started_at": "2026-03-06T17:36:35.227993+00:00", "limit": 800, "horizon": 4, "rr_ratio": 1.5, "symbols_count": 4}
{"event": "START", "trigger": "auto", "started_at": "2026-03-06T17:42:08.482514+00:00", "limit": 800, "horizon": 4, "rr_ratio": 1.5, "symbols_count": 4}
{"event": "START", "trigger": "auto", "started_at": "2026-03-06T17:43:35.196785+00:00", "limit": 800, "horizon": 4, "rr_ratio": 1.5, "symbols_count": 4}
{"event": "START", "trigger": "auto", "started_at": "2026-03-06T21:43:42.576669+00:00", "limit": 800, "horizon": 4, "rr_ratio": 1.5, "symbols_count": 4}
{"event": "START", "trigger": "auto", "started_at": "2026-03-07T01:43:50.681672+00:00", "limit": 800, "horizon": 4, "rr_ratio": 1.5, "symbols_count": 4}
{"event": "START", "trigger": "auto", "started_at": "2026-03-07T05:43:56.322685+00:00", "limit": 800, "horizon": 4, "rr_ratio": 1.5, "symbols_count": 4}
{"event": "START", "trigger": "auto", "started_at": "2026-03-07T08:33:23.918553+00:00", "limit": 800, "horizon": 4, "rr_ratio": 1.5, "symbols_count": 4}
